<?xml version="1.0" encoding="UTF-8"?>
<testsuite xmlns:xsi="http://www.w3.org/2001/XMLSchema-instance" xsi:noNamespaceSchemaLocation="https://maven.apache.org/surefire/maven-surefire-plugin/xsd/surefire-test-report-3.0.xsd" version="3.0" name="com.HngTaskTwo.HngTaskTwo.HngTaskTwoApplicationTests" time="18.998" tests="1" errors="0" skipped="0" failures="0">
  <properties>
[...]
</properties>
  <testcase name="contextLoads" classname="com.HngTaskTwo.HngTaskTwo.HngTaskTwoApplicationTests" time="1.021">
    <system-out><![CDATA[13:43:12.743 [main] INFO org.springframework.test.context.support.AnnotationConfigContextLoaderUtils -- Could not detect default configuration classes for test class [com.HngTaskTwo.HngTaskTwo.HngTaskTwoApplicationTests]: HngTaskTwoApplicationTests does not declare any static, non-private, non-final, nested classes annotated with @Configuration.
13:43:12.898 [main] INFO org.springframework.boot.test.context.SpringBootTestContextBootstrapper -- Found @SpringBootConfiguration com.HngTaskTwo.HngTaskTwo.HngTaskTwoApplication for test class com.HngTaskTwo.HngTaskTwo.HngTaskTwoApplicationTests

  .   ____          _            __ _ _
 /\\ / ___'_ __ _ _(_)_ __  __ _ \ \ \ \
( ( )\___ | '_ | '_| | '_ \/ _` | \ \ \ \
 \\/  ___)| |_)| | | | | || (_| |  ) ) ) )
  '  |____| .__|_| |_|_| |_\__, | / / / /
 =========|_|==============|___/=/_/_/_/
 :: Spring Boot ::                (v3.1.3)

2023-09-13T13:43:13.565+01:00  INFO 11548 --- [           main] c.H.H.HngTaskTwoApplicationTests         : Starting HngTaskTwoApplicationTests using Java 19.0.2 with PID 11548 (started by Chidinma.Afogu in C:\Users\chidinma.afogu\OneDrive - Africa Prudential\Documents\IntellijCodes\HngTaskTwo)
2023-09-13T13:43:13.566+01:00  INFO 11548 --- [           main] c.H.H.HngTaskTwoApplicationTests         : No active profile set, falling back to 1 default profile: "default"
2023-09-13T13:43:14.629+01:00  INFO 11548 --- [           main] .s.d.r.c.RepositoryConfigurationDelegate : Bootstrapping Spring Data JPA repositories in DEFAULT mode.
2023-09-13T13:43:14.723+01:00  INFO 11548 --- [           main] .s.d.r.c.RepositoryConfigurationDelegate : Finished Spring Data repository scanning in 80 ms. Found 1 JPA repository interfaces.
2023-09-13T13:43:15.342+01:00  INFO 11548 --- [           main] o.hibernate.jpa.internal.util.LogHelper  : HHH000204: Processing PersistenceUnitInfo [name: default]
2023-09-13T13:43:15.450+01:00  INFO 11548 --- [           main] org.hibernate.Version                    : HHH000412: Hibernate ORM core version 6.2.7.Final
2023-09-13T13:43:15.453+01:00  INFO 11548 --- [           main] org.hibernate.cfg.Environment            : HHH000406: Using bytecode reflection optimizer
2023-09-13T13:43:15.766+01:00  INFO 11548 --- [           main] o.h.b.i.BytecodeProviderInitiator        : HHH000021: Bytecode provider name : bytebuddy
2023-09-13T13:43:16.030+01:00  INFO 11548 --- [           main] o.s.o.j.p.SpringPersistenceUnitInfo      : No LoadTimeWeaver setup: ignoring JPA class transformer
2023-09-13T13:43:16.067+01:00  INFO 11548 --- [           main] com.zaxxer.hikari.HikariDataSource       : HikariPool-1 - Starting...
2023-09-13T13:43:25.330+01:00  INFO 11548 --- [           main] com.zaxxer.hikari.pool.HikariPool        : HikariPool-1 - Added connection org.postgresql.jdbc.PgConnection@5d1a859c
2023-09-13T13:43:25.332+01:00  INFO 11548 --- [           main] com.zaxxer.hikari.HikariDataSource       : HikariPool-1 - Start completed.
2023-09-13T13:43:26.605+01:00  INFO 11548 --- [           main] o.h.b.i.BytecodeProviderInitiator        : HHH000021: Bytecode provider name : bytebuddy
2023-09-13T13:43:27.441+01:00  INFO 11548 --- [           main] o.h.e.t.j.p.i.JtaPlatformInitiator       : HHH000490: Using JtaPlatform implementation: [org.hibernate.engine.transaction.jta.platform.internal.NoJtaPlatform]
2023-09-13T13:43:29.228+01:00  INFO 11548 --- [           main] j.LocalContainerEntityManagerFactoryBean : Initialized JPA EntityManagerFactory for persistence unit 'default'
2023-09-13T13:43:29.899+01:00  WARN 11548 --- [           main] JpaBaseConfiguration$JpaWebConfiguration : spring.jpa.open-in-view is enabled by default. Therefore, database queries may be performed during view rendering. Explicitly configure spring.jpa.open-in-view to disable this warning
2023-09-13T13:43:30.424+01:00  INFO 11548 --- [           main] c.H.H.HngTaskTwoApplicationTests         : Started HngTaskTwoApplicationTests in 17.264 seconds (process running for 19.502)
]]></system-out>
  </testcase>
</testsuite>